2025-10-16 20:17:36 error: MulterError: Unexpected field
    at wrappedFileFilter (/Users/tanimpathan/Documents/projects/duar-code-test-backend/node_modules/multer/index.js:40:19)
    at Multipart.<anonymous> (/Users/tanimpathan/Documents/projects/duar-code-test-backend/node_modules/multer/lib/make-middleware.js:132:7)
    at Multipart.emit (node:events:517:28)
    at HeaderParser.cb (/Users/tanimpathan/Documents/projects/duar-code-test-backend/node_modules/busboy/lib/types/multipart.js:358:14)
    at HeaderParser.push (/Users/tanimpathan/Documents/projects/duar-code-test-backend/node_modules/busboy/lib/types/multipart.js:162:20)
    at SBMH.ssCb [as _cb] (/Users/tanimpathan/Documents/projects/duar-code-test-backend/node_modules/busboy/lib/types/multipart.js:394:37)
    at feed (/Users/tanimpathan/Documents/projects/duar-code-test-backend/node_modules/streamsearch/lib/sbmh.js:248:10)
    at SBMH.push (/Users/tanimpathan/Documents/projects/duar-code-test-backend/node_modules/streamsearch/lib/sbmh.js:104:16)
    at Multipart._write (/Users/tanimpathan/Documents/projects/duar-code-test-backend/node_modules/busboy/lib/types/multipart.js:567:19)
    at writeOrBuffer (node:internal/streams/writable:392:12)
2025-10-17 06:36:57 error: TypeError: Cannot read properties of undefined (reading '0')
    at exports.getStudentProfile (/Users/tanimpathan/Documents/projects/duar-code-test-backend/controllers/studentController.js:34:42)
    at process.processTicksAndRejections (node:internal/process/task_queues:95:5)
2025-10-18 18:59:48 error: error: date/time field value out of range: "1122222222000"
    at /app/node_modules/pg-pool/index.js:45:11
    at process.processTicksAndRejections (node:internal/process/task_queues:95:5)
    at async exports.uploadStudents (/app/controllers/teacherController.js:83:26)
2025-10-18 20:56:54 error: error: invalid input syntax for type date: ""
    at /app/node_modules/pg-pool/index.js:45:11
    at process.processTicksAndRejections (node:internal/process/task_queues:95:5)
    at async exports.editStudent (/app/controllers/teacherController.js:360:28)
2025-10-18 21:25:30 error: TypeError: Assignment to constant variable.
    at exports.getStudents (/app/controllers/teacherController.js:191:20)
    at Layer.handleRequest (/app/node_modules/router/lib/layer.js:152:17)
    at next (/app/node_modules/router/lib/route.js:157:13)
    at /app/middleware/authMiddleware.js:24:3
    at Layer.handleRequest (/app/node_modules/router/lib/layer.js:152:17)
    at next (/app/node_modules/router/lib/route.js:157:13)
    at /app/middleware/authMiddleware.js:16:5
    at /app/node_modules/jsonwebtoken/verify.js:261:12
    at getSecret (/app/node_modules/jsonwebtoken/verify.js:97:14)
    at module.exports [as verify] (/app/node_modules/jsonwebtoken/verify.js:101:10)
2025-10-18 21:25:41 error: TypeError: Assignment to constant variable.
    at exports.getStudents (/app/controllers/teacherController.js:191:20)
    at Layer.handleRequest (/app/node_modules/router/lib/layer.js:152:17)
    at next (/app/node_modules/router/lib/route.js:157:13)
    at /app/middleware/authMiddleware.js:24:3
    at Layer.handleRequest (/app/node_modules/router/lib/layer.js:152:17)
    at next (/app/node_modules/router/lib/route.js:157:13)
    at /app/middleware/authMiddleware.js:16:5
    at /app/node_modules/jsonwebtoken/verify.js:261:12
    at getSecret (/app/node_modules/jsonwebtoken/verify.js:97:14)
    at module.exports [as verify] (/app/node_modules/jsonwebtoken/verify.js:101:10)
2025-10-18 21:25:51 error: TypeError: Assignment to constant variable.
    at exports.getStudents (/app/controllers/teacherController.js:191:20)
    at Layer.handleRequest (/app/node_modules/router/lib/layer.js:152:17)
    at next (/app/node_modules/router/lib/route.js:157:13)
    at /app/middleware/authMiddleware.js:24:3
    at Layer.handleRequest (/app/node_modules/router/lib/layer.js:152:17)
    at next (/app/node_modules/router/lib/route.js:157:13)
    at /app/middleware/authMiddleware.js:16:5
    at /app/node_modules/jsonwebtoken/verify.js:261:12
    at getSecret (/app/node_modules/jsonwebtoken/verify.js:97:14)
    at module.exports [as verify] (/app/node_modules/jsonwebtoken/verify.js:101:10)
2025-10-18 21:26:26 error: TypeError: Assignment to constant variable.
    at exports.getStudents (/app/controllers/teacherController.js:191:20)
    at Layer.handleRequest (/app/node_modules/router/lib/layer.js:152:17)
    at next (/app/node_modules/router/lib/route.js:157:13)
    at /app/middleware/authMiddleware.js:24:3
    at Layer.handleRequest (/app/node_modules/router/lib/layer.js:152:17)
    at next (/app/node_modules/router/lib/route.js:157:13)
    at /app/middleware/authMiddleware.js:16:5
    at /app/node_modules/jsonwebtoken/verify.js:261:12
    at getSecret (/app/node_modules/jsonwebtoken/verify.js:97:14)
    at module.exports [as verify] (/app/node_modules/jsonwebtoken/verify.js:101:10)
2025-10-18 21:26:26 error: TypeError: Assignment to constant variable.
    at exports.getStudents (/app/controllers/teacherController.js:191:20)
    at Layer.handleRequest (/app/node_modules/router/lib/layer.js:152:17)
    at next (/app/node_modules/router/lib/route.js:157:13)
    at /app/middleware/authMiddleware.js:24:3
    at Layer.handleRequest (/app/node_modules/router/lib/layer.js:152:17)
    at next (/app/node_modules/router/lib/route.js:157:13)
    at /app/middleware/authMiddleware.js:16:5
    at /app/node_modules/jsonwebtoken/verify.js:261:12
    at getSecret (/app/node_modules/jsonwebtoken/verify.js:97:14)
    at module.exports [as verify] (/app/node_modules/jsonwebtoken/verify.js:101:10)
2025-10-18 21:26:27 error: TypeError: Assignment to constant variable.
    at exports.getStudents (/app/controllers/teacherController.js:191:20)
    at Layer.handleRequest (/app/node_modules/router/lib/layer.js:152:17)
    at next (/app/node_modules/router/lib/route.js:157:13)
    at /app/middleware/authMiddleware.js:24:3
    at Layer.handleRequest (/app/node_modules/router/lib/layer.js:152:17)
    at next (/app/node_modules/router/lib/route.js:157:13)
    at /app/middleware/authMiddleware.js:16:5
    at /app/node_modules/jsonwebtoken/verify.js:261:12
    at getSecret (/app/node_modules/jsonwebtoken/verify.js:97:14)
    at module.exports [as verify] (/app/node_modules/jsonwebtoken/verify.js:101:10)
2025-10-18 21:26:27 error: TypeError: Assignment to constant variable.
    at exports.getStudents (/app/controllers/teacherController.js:191:20)
    at Layer.handleRequest (/app/node_modules/router/lib/layer.js:152:17)
    at next (/app/node_modules/router/lib/route.js:157:13)
    at /app/middleware/authMiddleware.js:24:3
    at Layer.handleRequest (/app/node_modules/router/lib/layer.js:152:17)
    at next (/app/node_modules/router/lib/route.js:157:13)
    at /app/middleware/authMiddleware.js:16:5
    at /app/node_modules/jsonwebtoken/verify.js:261:12
    at getSecret (/app/node_modules/jsonwebtoken/verify.js:97:14)
    at module.exports [as verify] (/app/node_modules/jsonwebtoken/verify.js:101:10)
2025-10-19 11:42:43 error: error: invalid input syntax for type integer: "undefined"
    at /app/node_modules/pg-pool/index.js:45:11
    at process.processTicksAndRejections (node:internal/process/task_queues:95:5)
    at async exports.getTodayAttendance (/app/controllers/studentController.js:75:28)
2025-10-19 11:42:48 error: error: invalid input syntax for type integer: "undefined"
    at /app/node_modules/pg-pool/index.js:45:11
    at process.processTicksAndRejections (node:internal/process/task_queues:95:5)
    at async exports.getTodayAttendance (/app/controllers/studentController.js:75:28)
2025-10-19 11:42:58 error: error: invalid input syntax for type integer: "undefined"
    at /app/node_modules/pg-pool/index.js:45:11
    at process.processTicksAndRejections (node:internal/process/task_queues:95:5)
    at async exports.getTodayAttendance (/app/controllers/studentController.js:75:28)
2025-10-22 15:09:56 error: TypeError: db.connect is not a function
    at exports.downloadStudents (/app/controllers/teacherController.js:204:23)
    at Layer.handleRequest (/app/node_modules/router/lib/layer.js:152:17)
    at next (/app/node_modules/router/lib/route.js:157:13)
    at /app/middleware/authMiddleware.js:24:3
    at Layer.handleRequest (/app/node_modules/router/lib/layer.js:152:17)
    at next (/app/node_modules/router/lib/route.js:157:13)
    at /app/middleware/authMiddleware.js:16:5
    at /app/node_modules/jsonwebtoken/verify.js:261:12
    at getSecret (/app/node_modules/jsonwebtoken/verify.js:97:14)
    at module.exports [as verify] (/app/node_modules/jsonwebtoken/verify.js:101:10)
2025-10-22 15:16:36 info: CSV download completed successfully
{"timestamp":"2025-10-23 10:04:38","level":"info","message":"POST /api/v1/auth/login","service":"your-service-name","env":"development","correlationId":"none","method":"POST","url":"/api/v1/auth/login","status":200,"duration":"117ms","userAgent":"Mozilla/5.0 (Macintosh; Intel Mac OS X 10_15_7) AppleWebKit/537.36 (KHTML, like Gecko) Chrome/141.0.0.0 Safari/537.36","ip":"::ffff:192.168.65.1"}
{"timestamp":"2025-10-23 10:04:38","level":"info","message":"GET /api/v1/teachers/dashboard","service":"your-service-name","env":"development","correlationId":"none","method":"GET","url":"/api/v1/teachers/dashboard","status":304,"duration":"14ms","userAgent":"Mozilla/5.0 (Macintosh; Intel Mac OS X 10_15_7) AppleWebKit/537.36 (KHTML, like Gecko) Chrome/141.0.0.0 Safari/537.36","ip":"::ffff:192.168.65.1"}
{"timestamp":"2025-10-23 10:18:00","level":"info","message":"POST /api/v1/auth/login","service":"your-service-name","env":"development","correlationId":"none","method":"POST","url":"/api/v1/auth/login","status":401,"duration":"121ms","userAgent":"Mozilla/5.0 (Macintosh; Intel Mac OS X 10_15_7) AppleWebKit/537.36 (KHTML, like Gecko) Chrome/141.0.0.0 Safari/537.36","ip":"::ffff:192.168.65.1"}
